[Thu Jun 26 09:03:29 2025] 	SUCCESS: Log file created Successfully. [Arquivo de log criado com sucesso.]
[Thu Jun 26 09:03:38 2025] 	INFO Initializing default system setup [ Iniciando configuração padrão do sistema ]
[Thu Jun 26 09:03:41 2025] 	SUCCESS Environment file loaded successfully [ Arquivo de ambiente carregado com sucesso ]
[Thu Jun 26 09:03:44 2025] 	WARNING User database file not found [ Arquivo de dados do usuário nao encontrado ]
[Thu Jun 26 09:03:47 2025] 	INFO Creating user database file [ Criando arquivo de dados do usuário ]
[Thu Jun 26 09:03:53 2025] 	SUCCESS User database file created successfully [ Arquivo de dados do usuário criado com sucesso ]
[Thu Jun 26 09:03:57 2025] 	SUCCESS User data saved successfully [ Dados do usuário salvos com sucesso ]
[Thu Jun 26 09:04:00 2025] 	SUCCESS Default User created successfully [ Usuário criado com sucesso ]
[Thu Jun 26 09:04:03 2025] 	SUCCESS User data loaded successfully [ Dados do usuário carregados com sucesso ]
[Thu Jun 26 09:04:15 2025] 	SUCCESS Returning to main menu... [Retornando ao menu principal...]
[Thu Jun 26 09:04:39 2025] 	SUCCESS User authenticated successfully [ Usuário autenticado com sucesso ]
[Thu Jun 26 09:04:42 2025] 	SUCCESS Login Successful [Login efetuado com sucesso]
[Thu Jun 26 09:04:45 2025] 	SUCCESS Admin Access Granted [Acesso de admin concedido]
[Thu Jun 26 09:05:36 2025] 	SUCCESS User data saved successfully [ Dados do usuário salvos com sucesso ]
[Thu Jun 26 09:05:47 2025] 	INFO Logging out... [Deslogando...]
[Thu Jun 26 09:05:50 2025] 	INFO Logout successful [Logout realizado com sucesso]
[Thu Jun 26 09:05:53 2025] 	SUCCESS User data saved successfully [ Dados do usuário salvos com sucesso ]
[Thu Jun 26 09:06:34 2025] 	SUCCESS Exiting program... [Saindo do programa...]
[Thu Jun 26 09:06:41 2025] 	SUCCESS User data saved successfully [ Dados do usuário salvos com sucesso ]
[Thu Jun 26 12:27:35 2025] 	SUCCESS System initialized successfully [ Sistema inicializado com sucesso]
[Thu Jun 26 12:27:41 2025] 	INFO Initializing default system setup [ Iniciando configuração padrão do sistema ]
[Thu Jun 26 12:27:44 2025] 	SUCCESS Environment file loaded successfully [ Arquivo de ambiente carregado com sucesso ]
[Thu Jun 26 12:27:47 2025] 	INFO User database file found [ Arquivo de dados do usuário encontrado ]
[Thu Jun 26 12:27:50 2025] 	SUCCESS User data loaded successfully [ Dados do usuário carregados com sucesso ]
[Thu Jun 26 12:28:06 2025] 	SUCCESS Exiting program... [Saindo do programa...]
[Thu Jun 26 12:28:13 2025] 	SUCCESS User data saved successfully [ Dados do usuário salvos com sucesso ]
[Thu Jun 26 12:28:18 2025] 	SUCCESS System initialized successfully [ Sistema inicializado com sucesso]
[Thu Jun 26 12:28:24 2025] 	INFO Initializing default system setup [ Iniciando configuração padrão do sistema ]
[Thu Jun 26 12:28:27 2025] 	SUCCESS Environment file loaded successfully [ Arquivo de ambiente carregado com sucesso ]
[Thu Jun 26 12:28:30 2025] 	INFO User database file found [ Arquivo de dados do usuário encontrado ]
[Thu Jun 26 12:28:33 2025] 	SUCCESS User data loaded successfully [ Dados do usuário carregados com sucesso ]
[Thu Jun 26 12:28:49 2025] 	ERROR Invalid Credentials [Credenciais inválidas]
[Thu Jun 26 12:28:52 2025] 	ERROR Password is incorrect [ Senha incorreta ]
[Thu Jun 26 12:29:43 2025] 	ERROR Password is incorrect [ Senha incorreta ]
[Thu Jun 26 12:30:00 2025] 	ERROR Password is incorrect [ Senha incorreta ]
[Thu Jun 26 12:30:11 2025] 	SUCCESS User authenticated successfully [ Usuário autenticado com sucesso ]
[Thu Jun 26 12:30:14 2025] 	SUCCESS Login Successful [Login efetuado com sucesso]
[Thu Jun 26 12:30:17 2025] 	SUCCESS Admin Access Granted [Acesso de admin concedido]
[Thu Jun 26 12:31:42 2025] 	SUCCESS User data saved successfully [ Dados do usuário salvos com sucesso ]
[Thu Jun 26 12:32:33 2025] 	ERROR User not found while searching [Usuário nao encontrado ao procurar]
[Thu Jun 26 12:32:36 2025] 	ERROR User not found while searching [Usuário nao encontrado ao procurar]
[Thu Jun 26 12:32:39 2025] 	ERROR User not found while searching [Usuário nao encontrado ao procurar]
[Thu Jun 26 12:32:42 2025] 	ERROR User not found while searching [Usuário nao encontrado ao procurar]
[Thu Jun 26 12:32:45 2025] 	ERROR User not found while searching [Usuário nao encontrado ao procurar]
[Thu Jun 26 12:32:48 2025] 	ERROR User not found while searching [Usuário nao encontrado ao procurar]
[Thu Jun 26 12:32:51 2025] 	ERROR User not found while searching [Usuário nao encontrado ao procurar]
[Thu Jun 26 12:32:54 2025] 	ERROR User not found while searching [Usuário nao encontrado ao procurar]
[Thu Jun 26 12:32:57 2025] 	ERROR User not found while searching [Usuário nao encontrado ao procurar]
[Thu Jun 26 12:33:00 2025] 	ERROR User not found while searching [Usuário nao encontrado ao procurar]
[Thu Jun 26 12:33:03 2025] 	ERROR User not found while searching [Usuário nao encontrado ao procurar]
[Thu Jun 26 12:33:06 2025] 	ERROR User not found while searching [Usuário nao encontrado ao procurar]
[Thu Jun 26 12:33:09 2025] 	ERROR User not found while searching [Usuário nao encontrado ao procurar]
[Thu Jun 26 12:33:12 2025] 	ERROR User not found while searching [Usuário nao encontrado ao procurar]
[Thu Jun 26 12:33:15 2025] 	ERROR User not found while searching [Usuário nao encontrado ao procurar]
[Thu Jun 26 12:33:18 2025] 	ERROR User not found while searching [Usuário nao encontrado ao procurar]
[Thu Jun 26 12:33:21 2025] 	ERROR User not found while searching [Usuário nao encontrado ao procurar]
[Thu Jun 26 12:33:24 2025] 	ERROR User not found while searching [Usuário nao encontrado ao procurar]
[Thu Jun 26 12:33:27 2025] 	ERROR User not found while searching [Usuário nao encontrado ao procurar]
[Thu Jun 26 12:33:30 2025] 	ERROR User not found while searching [Usuário nao encontrado ao procurar]
[Thu Jun 26 12:33:33 2025] 	ERROR User not found while searching [Usuário nao encontrado ao procurar]
[Thu Jun 26 12:33:36 2025] 	ERROR User not found while searching [Usuário nao encontrado ao procurar]
[Thu Jun 26 12:33:39 2025] 	ERROR User not found while searching [Usuário nao encontrado ao procurar]
[Thu Jun 26 12:33:42 2025] 	ERROR User not found while searching [Usuário nao encontrado ao procurar]
[Thu Jun 26 12:33:45 2025] 	ERROR User not found while searching [Usuário nao encontrado ao procurar]
[Thu Jun 26 12:48:36 2025] 	SUCCESS System initialized successfully [ Sistema inicializado com sucesso]
[Thu Jun 26 12:48:42 2025] 	INFO Initializing default system setup [ Iniciando configuração padrão do sistema ]
[Thu Jun 26 12:48:45 2025] 	SUCCESS Environment file loaded successfully [ Arquivo de ambiente carregado com sucesso ]
[Thu Jun 26 12:48:48 2025] 	INFO User database file found [ Arquivo de dados do usuário encontrado ]
[Thu Jun 26 12:48:51 2025] 	SUCCESS User data loaded successfully [ Dados do usuário carregados com sucesso ]
[Thu Jun 26 12:49:09 2025] 	ERROR Invalid Credentials [Credenciais inválidas]
[Thu Jun 26 12:49:12 2025] 	ERROR Invalid Credentials [Credenciais inválidas]
[Thu Jun 26 12:49:15 2025] 	SUCCESS User authenticated successfully [ Usuário autenticado com sucesso ]
[Thu Jun 26 12:49:18 2025] 	SUCCESS Login Successful [Login efetuado com sucesso]
[Thu Jun 26 12:49:21 2025] 	SUCCESS Admin Access Granted [Acesso de admin concedido]
[Thu Jun 26 13:04:40 2025] 	SUCCESS System initialized successfully [ Sistema inicializado com sucesso]
[Thu Jun 26 13:04:46 2025] 	INFO Initializing default system setup [ Iniciando configuração padrão do sistema ]
[Thu Jun 26 13:04:49 2025] 	SUCCESS Environment file loaded successfully [ Arquivo de ambiente carregado com sucesso ]
[Thu Jun 26 13:04:52 2025] 	INFO User database file found [ Arquivo de dados do usuário encontrado ]
[Thu Jun 26 13:04:55 2025] 	SUCCESS User data loaded successfully [ Dados do usuário carregados com sucesso ]
[Thu Jun 26 13:05:07 2025] 	ERROR Invalid Credentials [Credenciais inválidas]
[Thu Jun 26 13:05:10 2025] 	ERROR Invalid Credentials [Credenciais inválidas]
[Thu Jun 26 13:05:13 2025] 	SUCCESS User authenticated successfully [ Usuário autenticado com sucesso ]
[Thu Jun 26 13:05:16 2025] 	SUCCESS Login Successful [Login efetuado com sucesso]
[Thu Jun 26 13:05:19 2025] 	SUCCESS Admin Access Granted [Acesso de admin concedido]
[Thu Jun 26 13:06:04 2025] 	INFO Logging out... [Deslogando...]
[Thu Jun 26 13:06:07 2025] 	INFO Logout successful [Logout realizado com sucesso]
[Thu Jun 26 13:06:10 2025] 	SUCCESS User data saved successfully [ Dados do usuário salvos com sucesso ]
[Thu Jun 26 13:17:07 2025] 	SUCCESS Exiting program... [Saindo do programa...]
[Thu Jun 26 13:17:14 2025] 	SUCCESS User data saved successfully [ Dados do usuário salvos com sucesso ]
[Thu Jun 26 13:17:28 2025] 	SUCCESS System initialized successfully [ Sistema inicializado com sucesso]
[Thu Jun 26 13:17:34 2025] 	INFO Initializing default system setup [ Iniciando configuração padrão do sistema ]
[Thu Jun 26 13:17:37 2025] 	SUCCESS Environment file loaded successfully [ Arquivo de ambiente carregado com sucesso ]
[Thu Jun 26 13:17:40 2025] 	INFO User database file found [ Arquivo de dados do usuário encontrado ]
[Thu Jun 26 13:17:43 2025] 	SUCCESS User data loaded successfully [ Dados do usuário carregados com sucesso ]
[Thu Jun 26 13:18:05 2025] 	ERROR Invalid Credentials [Credenciais inválidas]
[Thu Jun 26 13:18:30 2025] 	ERROR Invalid Credentials [Credenciais inválidas]
[Thu Jun 26 13:18:39 2025] 	ERROR Username is incorrect [ Nome de usuário incorreto ]
[Thu Jun 26 13:18:57 2025] 	SUCCESS User authenticated successfully [ Usuário autenticado com sucesso ]
[Thu Jun 26 13:19:01 2025] 	SUCCESS Login Successful [Login efetuado com sucesso]
[Thu Jun 26 13:19:04 2025] 	SUCCESS Admin Access Granted [Acesso de admin concedido]
[Thu Jun 26 13:20:04 2025] 	ERROR User not found while searching [Usuário nao encontrado ao procurar]
[Thu Jun 26 13:20:20 2025] 	ERROR User not found while searching [Usuário nao encontrado ao procurar]
[Thu Jun 26 13:33:40 2025] 	ERROR Invalid input [Entrada inválida]
[Thu Jun 26 13:33:46 2025] 	INFO Logging out... [Deslogando...]
[Thu Jun 26 13:33:49 2025] 	INFO Logout successful [Logout realizado com sucesso]
[Thu Jun 26 13:33:52 2025] 	SUCCESS User data saved successfully [ Dados do usuário salvos com sucesso ]
[Thu Jun 26 13:34:10 2025] 	SUCCESS Exiting program... [Saindo do programa...]
[Thu Jun 26 13:34:17 2025] 	SUCCESS User data saved successfully [ Dados do usuário salvos com sucesso ]
[Thu Jun 26 13:34:50 2025] 	SUCCESS System initialized successfully [ Sistema inicializado com sucesso]
[Thu Jun 26 13:34:56 2025] 	INFO Initializing default system setup [ Iniciando configuração padrão do sistema ]
[Thu Jun 26 13:34:59 2025] 	SUCCESS Environment file loaded successfully [ Arquivo de ambiente carregado com sucesso ]
[Thu Jun 26 13:35:02 2025] 	INFO User database file found [ Arquivo de dados do usuário encontrado ]
[Thu Jun 26 13:35:05 2025] 	SUCCESS User data loaded successfully [ Dados do usuário carregados com sucesso ]
[Thu Jun 26 13:35:30 2025] 	SUCCESS User authenticated successfully [ Usuário autenticado com sucesso ]
[Thu Jun 26 13:35:33 2025] 	SUCCESS Login Successful [Login efetuado com sucesso]
[Thu Jun 26 13:35:36 2025] 	SUCCESS Admin Access Granted [Acesso de admin concedido]
[Thu Jun 26 13:42:27 2025] 	SUCCESS System initialized successfully [ Sistema inicializado com sucesso]
[Thu Jun 26 13:42:33 2025] 	INFO Initializing default system setup [ Iniciando configuração padrão do sistema ]
[Thu Jun 26 13:42:36 2025] 	SUCCESS Environment file loaded successfully [ Arquivo de ambiente carregado com sucesso ]
[Thu Jun 26 13:42:39 2025] 	INFO User database file found [ Arquivo de dados do usuário encontrado ]
[Thu Jun 26 13:42:42 2025] 	SUCCESS User data loaded successfully [ Dados do usuário carregados com sucesso ]
[Thu Jun 26 13:42:56 2025] 	SUCCESS User authenticated successfully [ Usuário autenticado com sucesso ]
[Thu Jun 26 13:42:59 2025] 	SUCCESS Login Successful [Login efetuado com sucesso]
[Thu Jun 26 13:43:02 2025] 	SUCCESS Admin Access Granted [Acesso de admin concedido]
[Thu Jun 26 13:43:57 2025] 	SUCCESS System initialized successfully [ Sistema inicializado com sucesso]
[Thu Jun 26 13:44:03 2025] 	INFO Initializing default system setup [ Iniciando configuração padrão do sistema ]
[Thu Jun 26 13:44:06 2025] 	SUCCESS Environment file loaded successfully [ Arquivo de ambiente carregado com sucesso ]
[Thu Jun 26 13:44:09 2025] 	INFO User database file found [ Arquivo de dados do usuário encontrado ]
[Thu Jun 26 13:44:12 2025] 	SUCCESS User data loaded successfully [ Dados do usuário carregados com sucesso ]
[Thu Jun 26 13:44:24 2025] 	ERROR Invalid choice [Opção inválida]
[Thu Jun 26 13:44:27 2025] 	ERROR Invalid choice [Opção inválida]
[Thu Jun 26 13:44:30 2025] 	ERROR Invalid choice [Opção inválida]
[Thu Jun 26 13:44:33 2025] 	ERROR Invalid choice [Opção inválida]
[Thu Jun 26 13:44:36 2025] 	ERROR Invalid choice [Opção inválida]
[Thu Jun 26 13:44:39 2025] 	ERROR Invalid choice [Opção inválida]
[Thu Jun 26 13:44:42 2025] 	ERROR Invalid choice [Opção inválida]
[Thu Jun 26 13:44:45 2025] 	ERROR Invalid choice [Opção inválida]
[Thu Jun 26 13:44:48 2025] 	ERROR Invalid choice [Opção inválida]
[Thu Jun 26 13:45:06 2025] 	SUCCESS System initialized successfully [ Sistema inicializado com sucesso]
[Thu Jun 26 13:45:12 2025] 	INFO Initializing default system setup [ Iniciando configuração padrão do sistema ]
[Thu Jun 26 13:45:15 2025] 	SUCCESS Environment file loaded successfully [ Arquivo de ambiente carregado com sucesso ]
[Thu Jun 26 13:45:18 2025] 	INFO User database file found [ Arquivo de dados do usuário encontrado ]
[Thu Jun 26 13:45:21 2025] 	SUCCESS User data loaded successfully [ Dados do usuário carregados com sucesso ]
[Thu Jun 26 13:45:37 2025] 	SUCCESS User authenticated successfully [ Usuário autenticado com sucesso ]
[Thu Jun 26 13:45:40 2025] 	SUCCESS Login Successful [Login efetuado com sucesso]
[Thu Jun 26 13:45:43 2025] 	SUCCESS Admin Access Granted [Acesso de admin concedido]
[Thu Jun 26 13:46:28 2025] 	SUCCESS System initialized successfully [ Sistema inicializado com sucesso]
[Thu Jun 26 13:46:34 2025] 	INFO Initializing default system setup [ Iniciando configuração padrão do sistema ]
[Thu Jun 26 13:46:37 2025] 	SUCCESS Environment file loaded successfully [ Arquivo de ambiente carregado com sucesso ]
[Thu Jun 26 13:46:40 2025] 	INFO User database file found [ Arquivo de dados do usuário encontrado ]
[Thu Jun 26 13:46:43 2025] 	SUCCESS User data loaded successfully [ Dados do usuário carregados com sucesso ]
[Thu Jun 26 13:47:12 2025] 	SUCCESS User authenticated successfully [ Usuário autenticado com sucesso ]
[Thu Jun 26 13:47:15 2025] 	SUCCESS Login Successful [Login efetuado com sucesso]
[Thu Jun 26 13:47:18 2025] 	SUCCESS Admin Access Granted [Acesso de admin concedido]
[Thu Jun 26 14:24:22 2025] 	SUCCESS System initialized successfully [ Sistema inicializado com sucesso]
[Thu Jun 26 14:24:28 2025] 	INFO Initializing default system setup [ Iniciando configuração padrão do sistema ]
[Thu Jun 26 14:24:31 2025] 	SUCCESS Environment file loaded successfully [ Arquivo de ambiente carregado com sucesso ]
[Thu Jun 26 14:24:34 2025] 	INFO User database file found [ Arquivo de dados do usuário encontrado ]
[Thu Jun 26 14:24:37 2025] 	SUCCESS User data loaded successfully [ Dados do usuário carregados com sucesso ]
[Thu Jun 26 14:25:16 2025] 	SUCCESS User authenticated successfully [ Usuário autenticado com sucesso ]
[Thu Jun 26 14:25:19 2025] 	SUCCESS Login Successful [Login efetuado com sucesso]
[Thu Jun 26 14:25:22 2025] 	SUCCESS Admin Access Granted [Acesso de admin concedido]
[Thu Jun 26 14:25:35 2025] 	ERROR User index not found  [Indice do usuário nao encontrado]
[Thu Jun 26 14:49:33 2025] 	SUCCESS System initialized successfully [ Sistema inicializado com sucesso]
[Thu Jun 26 14:49:39 2025] 	INFO Initializing default system setup [ Iniciando configuração padrão do sistema ]
[Thu Jun 26 14:49:42 2025] 	SUCCESS Environment file loaded successfully [ Arquivo de ambiente carregado com sucesso ]
[Thu Jun 26 14:49:45 2025] 	INFO User database file found [ Arquivo de dados do usuário encontrado ]
[Thu Jun 26 14:49:48 2025] 	SUCCESS User data loaded successfully [ Dados do usuário carregados com sucesso ]
[Thu Jun 26 14:50:25 2025] 	SUCCESS User authenticated successfully [ Usuário autenticado com sucesso ]
[Thu Jun 26 14:50:28 2025] 	SUCCESS Login Successful [Login efetuado com sucesso]
[Thu Jun 26 14:50:31 2025] 	SUCCESS Admin Access Granted [Acesso de admin concedido]
[Thu Jun 26 14:50:50 2025] 	ERROR Invalid user ID [ID de usuário inválido]
[Thu Jun 26 14:51:26 2025] 	ERROR Invalid user ID [ID de usuário inválido]
[Thu Jun 26 14:51:29 2025] 	SUCCESS User data saved successfully [ Dados do usuário salvos com sucesso ]
[Thu Jun 26 15:01:20 2025] 	SUCCESS System initialized successfully [ Sistema inicializado com sucesso]
[Thu Jun 26 15:01:26 2025] 	INFO Initializing default system setup [ Iniciando configuração padrão do sistema ]
[Thu Jun 26 15:01:29 2025] 	SUCCESS Environment file loaded successfully [ Arquivo de ambiente carregado com sucesso ]
[Thu Jun 26 15:01:32 2025] 	INFO User database file found [ Arquivo de dados do usuário encontrado ]
[Thu Jun 26 15:01:35 2025] 	SUCCESS User data loaded successfully [ Dados do usuário carregados com sucesso ]
[Thu Jun 26 15:02:40 2025] 	SUCCESS User authenticated successfully [ Usuário autenticado com sucesso ]
[Thu Jun 26 15:02:43 2025] 	SUCCESS Login Successful [Login efetuado com sucesso]
[Thu Jun 26 15:02:46 2025] 	SUCCESS Admin Access Granted [Acesso de admin concedido]
[Thu Jun 26 15:45:39 2025] 	SUCCESS System initialized successfully [ Sistema inicializado com sucesso]
[Thu Jun 26 15:45:45 2025] 	INFO Initializing default system setup [ Iniciando configuração padrão do sistema ]
[Thu Jun 26 15:45:48 2025] 	SUCCESS Environment file loaded successfully [ Arquivo de ambiente carregado com sucesso ]
[Thu Jun 26 15:45:51 2025] 	INFO User database file found [ Arquivo de dados do usuário encontrado ]
[Thu Jun 26 15:45:54 2025] 	SUCCESS User data loaded successfully [ Dados do usuário carregados com sucesso ]
[Thu Jun 26 15:46:26 2025] 	SUCCESS User authenticated successfully [ Usuário autenticado com sucesso ]
[Thu Jun 26 15:46:29 2025] 	SUCCESS Login Successful [Login efetuado com sucesso]
[Thu Jun 26 15:46:32 2025] 	SUCCESS Admin Access Granted [Acesso de admin concedido]
[Thu Jun 26 15:55:21 2025] 	SUCCESS System initialized successfully [ Sistema inicializado com sucesso]
[Thu Jun 26 15:55:27 2025] 	INFO Initializing default system setup [ Iniciando configuração padrão do sistema ]
[Thu Jun 26 15:55:30 2025] 	SUCCESS Environment file loaded successfully [ Arquivo de ambiente carregado com sucesso ]
[Thu Jun 26 15:55:33 2025] 	INFO User database file found [ Arquivo de dados do usuário encontrado ]
[Thu Jun 26 15:55:36 2025] 	SUCCESS User data loaded successfully [ Dados do usuário carregados com sucesso ]
[Thu Jun 26 15:55:52 2025] 	SUCCESS User authenticated successfully [ Usuário autenticado com sucesso ]
[Thu Jun 26 15:55:55 2025] 	SUCCESS Login Successful [Login efetuado com sucesso]
[Thu Jun 26 15:55:58 2025] 	SUCCESS Admin Access Granted [Acesso de admin concedido]
[Thu Jun 26 15:56:48 2025] 	INFO Logging out... [Deslogando...]
[Thu Jun 26 15:56:51 2025] 	INFO Logout successful [Logout realizado com sucesso]
[Thu Jun 26 15:56:54 2025] 	SUCCESS User data saved successfully [ Dados do usuário salvos com sucesso ]
[Thu Jun 26 15:59:48 2025] 	SUCCESS System initialized successfully [ Sistema inicializado com sucesso]
[Thu Jun 26 15:59:54 2025] 	INFO Initializing default system setup [ Iniciando configuração padrão do sistema ]
[Thu Jun 26 15:59:57 2025] 	SUCCESS Environment file loaded successfully [ Arquivo de ambiente carregado com sucesso ]
[Thu Jun 26 16:00:00 2025] 	INFO User database file found [ Arquivo de dados do usuário encontrado ]
[Thu Jun 26 16:00:03 2025] 	SUCCESS User data loaded successfully [ Dados do usuário carregados com sucesso ]
[Thu Jun 26 16:00:31 2025] 	SUCCESS User authenticated successfully [ Usuário autenticado com sucesso ]
[Thu Jun 26 16:00:34 2025] 	SUCCESS Login Successful [Login efetuado com sucesso]
[Thu Jun 26 16:00:37 2025] 	SUCCESS Admin Access Granted [Acesso de admin concedido]
[Thu Jun 26 16:04:22 2025] 	SUCCESS User data saved successfully [ Dados do usuário salvos com sucesso ]
[Thu Jun 26 16:08:26 2025] 	SUCCESS System initialized successfully [ Sistema inicializado com sucesso]
[Thu Jun 26 16:08:32 2025] 	INFO Initializing default system setup [ Iniciando configuração padrão do sistema ]
[Thu Jun 26 16:08:35 2025] 	SUCCESS Environment file loaded successfully [ Arquivo de ambiente carregado com sucesso ]
[Thu Jun 26 16:08:38 2025] 	INFO User database file found [ Arquivo de dados do usuário encontrado ]
[Thu Jun 26 16:08:41 2025] 	SUCCESS User data loaded successfully [ Dados do usuário carregados com sucesso ]
[Thu Jun 26 16:08:57 2025] 	SUCCESS User authenticated successfully [ Usuário autenticado com sucesso ]
[Thu Jun 26 16:09:00 2025] 	SUCCESS Login Successful [Login efetuado com sucesso]
[Thu Jun 26 16:09:03 2025] 	SUCCESS Admin Access Granted [Acesso de admin concedido]
[Thu Jun 26 16:09:46 2025] 	SUCCESS User data saved successfully [ Dados do usuário salvos com sucesso ]
[Thu Jun 26 16:10:04 2025] 	INFO Logging out... [Deslogando...]
[Thu Jun 26 16:10:07 2025] 	INFO Logout successful [Logout realizado com sucesso]
[Thu Jun 26 16:10:10 2025] 	SUCCESS User data saved successfully [ Dados do usuário salvos com sucesso ]
[Thu Jun 26 16:10:34 2025] 	ERROR Invalid Credentials [Credenciais inválidas]
[Thu Jun 26 16:14:03 2025] 	SUCCESS System initialized successfully [ Sistema inicializado com sucesso]
[Thu Jun 26 16:14:09 2025] 	INFO Initializing default system setup [ Iniciando configuração padrão do sistema ]
[Thu Jun 26 16:14:12 2025] 	SUCCESS Environment file loaded successfully [ Arquivo de ambiente carregado com sucesso ]
[Thu Jun 26 16:14:15 2025] 	INFO User database file found [ Arquivo de dados do usuário encontrado ]
[Thu Jun 26 16:14:18 2025] 	SUCCESS User data loaded successfully [ Dados do usuário carregados com sucesso ]
[Thu Jun 26 16:14:32 2025] 	SUCCESS User authenticated successfully [ Usuário autenticado com sucesso ]
[Thu Jun 26 16:14:35 2025] 	SUCCESS Login Successful [Login efetuado com sucesso]
[Thu Jun 26 16:14:38 2025] 	SUCCESS Admin Access Granted [Acesso de admin concedido]
[Thu Jun 26 16:15:36 2025] 	SUCCESS User data saved successfully [ Dados do usuário salvos com sucesso ]
[Thu Jun 26 16:16:57 2025] 	SUCCESS User data saved successfully [ Dados do usuário salvos com sucesso ]
[Thu Jun 26 16:17:00 2025] 	SUCCESS User data saved successfully [ Dados do usuário salvos com sucesso ]
[Thu Jun 26 16:41:09 2025] 	SUCCESS System initialized successfully [ Sistema inicializado com sucesso]
[Thu Jun 26 16:41:15 2025] 	INFO Initializing default system setup [ Iniciando configuração padrão do sistema ]
[Thu Jun 26 16:41:18 2025] 	SUCCESS Environment file loaded successfully [ Arquivo de ambiente carregado com sucesso ]
[Thu Jun 26 16:41:21 2025] 	INFO User database file found [ Arquivo de dados do usuário encontrado ]
[Thu Jun 26 16:41:24 2025] 	SUCCESS User data loaded successfully [ Dados do usuário carregados com sucesso ]
[Thu Jun 26 16:41:54 2025] 	SUCCESS User authenticated successfully [ Usuário autenticado com sucesso ]
[Thu Jun 26 16:41:57 2025] 	SUCCESS Login Successful [Login efetuado com sucesso]
[Thu Jun 26 16:42:00 2025] 	SUCCESS Admin Access Granted [Acesso de admin concedido]
[Thu Jun 26 16:44:14 2025] 	SUCCESS User data saved successfully [ Dados do usuário salvos com sucesso ]
[Thu Jun 26 16:46:20 2025] 	INFO Logging out... [Deslogando...]
[Thu Jun 26 16:46:23 2025] 	INFO Logout successful [Logout realizado com sucesso]
[Thu Jun 26 16:46:26 2025] 	SUCCESS User data saved successfully [ Dados do usuário salvos com sucesso ]
[Thu Jun 26 16:51:11 2025] 	ERROR Invalid input [Entrada inválida]
[Thu Jun 26 16:51:17 2025] 	ERROR Invalid input [Entrada inválida]
[Thu Jun 26 16:51:23 2025] 	SUCCESS Exiting program... [Saindo do programa...]
[Thu Jun 26 16:51:30 2025] 	SUCCESS User data saved successfully [ Dados do usuário salvos com sucesso ]
[Thu Jun 26 16:51:51 2025] 	SUCCESS System initialized successfully [ Sistema inicializado com sucesso]
[Thu Jun 26 16:51:57 2025] 	INFO Initializing default system setup [ Iniciando configuração padrão do sistema ]
[Thu Jun 26 16:52:00 2025] 	SUCCESS Environment file loaded successfully [ Arquivo de ambiente carregado com sucesso ]
[Thu Jun 26 16:52:03 2025] 	INFO User database file found [ Arquivo de dados do usuário encontrado ]
[Thu Jun 26 16:52:06 2025] 	SUCCESS User data loaded successfully [ Dados do usuário carregados com sucesso ]
[Thu Jun 26 16:52:30 2025] 	SUCCESS User authenticated successfully [ Usuário autenticado com sucesso ]
[Thu Jun 26 16:52:33 2025] 	SUCCESS Login Successful [Login efetuado com sucesso]
[Thu Jun 26 16:52:36 2025] 	SUCCESS Admin Access Granted [Acesso de admin concedido]
[Thu Jun 26 16:53:47 2025] 	SUCCESS User data saved successfully [ Dados do usuário salvos com sucesso ]
[Thu Jun 26 16:55:06 2025] 	INFO Logging out... [Deslogando...]
[Thu Jun 26 16:55:09 2025] 	INFO Logout successful [Logout realizado com sucesso]
[Thu Jun 26 16:55:12 2025] 	SUCCESS User data saved successfully [ Dados do usuário salvos com sucesso ]
[Thu Jun 26 16:55:53 2025] 	SUCCESS Exiting program... [Saindo do programa...]
[Thu Jun 26 16:56:00 2025] 	SUCCESS User data saved successfully [ Dados do usuário salvos com sucesso ]
[Thu Jun 26 16:56:16 2025] 	SUCCESS System initialized successfully [ Sistema inicializado com sucesso]
[Thu Jun 26 16:56:22 2025] 	INFO Initializing default system setup [ Iniciando configuração padrão do sistema ]
[Thu Jun 26 16:56:25 2025] 	SUCCESS Environment file loaded successfully [ Arquivo de ambiente carregado com sucesso ]
[Thu Jun 26 16:56:28 2025] 	INFO User database file found [ Arquivo de dados do usuário encontrado ]
[Thu Jun 26 16:56:31 2025] 	SUCCESS User data loaded successfully [ Dados do usuário carregados com sucesso ]
[Thu Jun 26 16:56:55 2025] 	SUCCESS User authenticated successfully [ Usuário autenticado com sucesso ]
[Thu Jun 26 16:56:58 2025] 	SUCCESS Login Successful [Login efetuado com sucesso]
[Thu Jun 26 16:57:01 2025] 	SUCCESS Admin Access Granted [Acesso de admin concedido]
[Thu Jun 26 16:59:03 2025] 	SUCCESS User data saved successfully [ Dados do usuário salvos com sucesso ]
[Thu Jun 26 16:59:41 2025] 	SUCCESS User data saved successfully [ Dados do usuário salvos com sucesso ]
[Thu Jun 26 16:59:44 2025] 	SUCCESS User data saved successfully [ Dados do usuário salvos com sucesso ]
[Thu Jun 26 17:09:13 2025] 	SUCCESS System initialized successfully [ Sistema inicializado com sucesso]
[Thu Jun 26 17:09:19 2025] 	INFO Initializing default system setup [ Iniciando configuração padrão do sistema ]
[Thu Jun 26 17:09:22 2025] 	SUCCESS Environment file loaded successfully [ Arquivo de ambiente carregado com sucesso ]
[Thu Jun 26 17:09:25 2025] 	INFO User database file found [ Arquivo de dados do usuário encontrado ]
[Thu Jun 26 17:09:28 2025] 	SUCCESS User data loaded successfully [ Dados do usuário carregados com sucesso ]
[Thu Jun 26 17:09:43 2025] 	SUCCESS User authenticated successfully [ Usuário autenticado com sucesso ]
[Thu Jun 26 17:09:46 2025] 	SUCCESS Login Successful [Login efetuado com sucesso]
[Thu Jun 26 17:09:49 2025] 	SUCCESS Admin Access Granted [Acesso de admin concedido]
[Thu Jun 26 17:11:23 2025] 	SUCCESS User data saved successfully [ Dados do usuário salvos com sucesso ]
[Thu Jun 26 17:12:01 2025] 	SUCCESS User data saved successfully [ Dados do usuário salvos com sucesso ]
[Thu Jun 26 17:12:04 2025] 	SUCCESS User data saved successfully [ Dados do usuário salvos com sucesso ]
[Thu Jun 26 17:16:57 2025] 	SUCCESS System initialized successfully [ Sistema inicializado com sucesso]
[Thu Jun 26 17:17:03 2025] 	INFO Initializing default system setup [ Iniciando configuração padrão do sistema ]
[Thu Jun 26 17:17:06 2025] 	SUCCESS Environment file loaded successfully [ Arquivo de ambiente carregado com sucesso ]
[Thu Jun 26 17:17:09 2025] 	INFO User database file found [ Arquivo de dados do usuário encontrado ]
[Thu Jun 26 17:17:12 2025] 	SUCCESS User data loaded successfully [ Dados do usuário carregados com sucesso ]
[Thu Jun 26 17:17:28 2025] 	SUCCESS User authenticated successfully [ Usuário autenticado com sucesso ]
[Thu Jun 26 17:17:31 2025] 	SUCCESS Login Successful [Login efetuado com sucesso]
[Thu Jun 26 17:17:34 2025] 	SUCCESS Admin Access Granted [Acesso de admin concedido]
[Thu Jun 26 17:18:10 2025] 	SUCCESS System initialized successfully [ Sistema inicializado com sucesso]
[Thu Jun 26 17:18:16 2025] 	INFO Initializing default system setup [ Iniciando configuração padrão do sistema ]
[Thu Jun 26 17:18:19 2025] 	SUCCESS Environment file loaded successfully [ Arquivo de ambiente carregado com sucesso ]
[Thu Jun 26 17:18:22 2025] 	INFO User database file found [ Arquivo de dados do usuário encontrado ]
[Thu Jun 26 17:18:25 2025] 	SUCCESS User data loaded successfully [ Dados do usuário carregados com sucesso ]
[Thu Jun 26 17:18:40 2025] 	SUCCESS User authenticated successfully [ Usuário autenticado com sucesso ]
[Thu Jun 26 17:18:43 2025] 	SUCCESS Login Successful [Login efetuado com sucesso]
[Thu Jun 26 17:18:46 2025] 	SUCCESS Admin Access Granted [Acesso de admin concedido]
[Thu Jun 26 17:19:53 2025] 	SUCCESS User data saved successfully [ Dados do usuário salvos com sucesso ]
[Thu Jun 26 17:20:45 2025] 	SUCCESS User data saved successfully [ Dados do usuário salvos com sucesso ]
[Thu Jun 26 17:20:48 2025] 	SUCCESS User data saved successfully [ Dados do usuário salvos com sucesso ]
[Thu Jun 26 17:22:30 2025] 	SUCCESS System initialized successfully [ Sistema inicializado com sucesso]
[Thu Jun 26 17:22:36 2025] 	INFO Initializing default system setup [ Iniciando configuração padrão do sistema ]
[Thu Jun 26 17:22:39 2025] 	SUCCESS Environment file loaded successfully [ Arquivo de ambiente carregado com sucesso ]
[Thu Jun 26 17:22:42 2025] 	INFO User database file found [ Arquivo de dados do usuário encontrado ]
[Thu Jun 26 17:22:45 2025] 	SUCCESS User data loaded successfully [ Dados do usuário carregados com sucesso ]
[Thu Jun 26 17:23:09 2025] 	SUCCESS User authenticated successfully [ Usuário autenticado com sucesso ]
[Thu Jun 26 17:23:12 2025] 	SUCCESS Login Successful [Login efetuado com sucesso]
[Thu Jun 26 17:23:15 2025] 	SUCCESS Admin Access Granted [Acesso de admin concedido]
[Thu Jun 26 17:34:48 2025] 	ERROR Invalid input [Entrada inválida]
[Thu Jun 26 17:35:16 2025] 	SUCCESS System initialized successfully [ Sistema inicializado com sucesso]
[Thu Jun 26 17:35:22 2025] 	INFO Initializing default system setup [ Iniciando configuração padrão do sistema ]
[Thu Jun 26 17:35:25 2025] 	SUCCESS Environment file loaded successfully [ Arquivo de ambiente carregado com sucesso ]
[Thu Jun 26 17:35:28 2025] 	INFO User database file found [ Arquivo de dados do usuário encontrado ]
[Thu Jun 26 17:35:31 2025] 	SUCCESS User data loaded successfully [ Dados do usuário carregados com sucesso ]
[Thu Jun 26 17:35:41 2025] 	SUCCESS User authenticated successfully [ Usuário autenticado com sucesso ]
[Thu Jun 26 17:35:44 2025] 	SUCCESS Login Successful [Login efetuado com sucesso]
[Thu Jun 26 17:35:47 2025] 	SUCCESS Admin Access Granted [Acesso de admin concedido]
[Thu Jun 26 17:36:40 2025] 	SUCCESS User data saved successfully [ Dados do usuário salvos com sucesso ]
[Thu Jun 26 17:37:19 2025] 	INFO Logging out... [Deslogando...]
[Thu Jun 26 17:37:22 2025] 	INFO Logout successful [Logout realizado com sucesso]
[Thu Jun 26 17:37:25 2025] 	SUCCESS User data saved successfully [ Dados do usuário salvos com sucesso ]
[Thu Jun 26 17:37:35 2025] 	SUCCESS Exiting program... [Saindo do programa...]
[Thu Jun 26 17:37:42 2025] 	SUCCESS User data saved successfully [ Dados do usuário salvos com sucesso ]
